<?xml version="1.0" encoding="UTF-8"?>
<!-- Generated by org.testng.reporters.JUnitReportReporter -->
<testsuite hostname="Shaddy" failures="0" tests="2" name="qaclickacademy.AppiumTest" time="0.006" errors="0" timestamp="2021-06-13T18:34:24 IST" skipped="0">
  <testcase classname="qaclickacademy.AppiumTest" name="NativeAPPAndroid" time="0.000"/>
  <system-out/>
  <testcase classname="qaclickacademy.AppiumTest" name="IOSApps" time="0.006"/>
  <system-out/>
</testsuite> <!-- qaclickacademy.AppiumTest -->
